Using pre-set license
Built from '2021.3/staging' branch; Version is '2021.3.7f1 (24e8595d6d43) revision 2418777'; Using compiler version '192829333'; Build Type 'Release'
OS: 'Windows 10  (10.0.19043) 64bit Core' Language: 'en' Physical Memory: 16145 MB
BatchMode: 1, IsHumanControllingUs: 0, StartBugReporterOnCrash: 0, Is64bit: 1, IsPro: 1

COMMAND LINE ARGUMENTS:
C:\Program Files\Unity\Hub\Editor\2021.3.7f1\Editor\Unity.exe
-adb2
-batchMode
-noUpm
-name
AssetImportWorker0
-projectPath
C:/Users/Sarah Hesham/OneDrive/Documents/Unity/Endless Runner
-logFile
Logs/AssetImportWorker0.log
-srvPort
49690
Successfully changed project path to: C:/Users/Sarah Hesham/OneDrive/Documents/Unity/Endless Runner
C:/Users/Sarah Hesham/OneDrive/Documents/Unity/Endless Runner
[UnityMemory] Configuration Parameters - Can be set up in boot.config
    "memorysetup-bucket-allocator-granularity=16"
    "memorysetup-bucket-allocator-bucket-count=8"
    "memorysetup-bucket-allocator-block-size=33554432"
    "memorysetup-bucket-allocator-block-count=8"
    "memorysetup-main-allocator-block-size=16777216"
    "memorysetup-thread-allocator-block-size=16777216"
    "memorysetup-gfx-main-allocator-block-size=16777216"
    "memorysetup-gfx-thread-allocator-block-size=16777216"
    "memorysetup-cache-allocator-block-size=4194304"
    "memorysetup-typetree-allocator-block-size=2097152"
    "memorysetup-profiler-bucket-allocator-granularity=16"
    "memorysetup-profiler-bucket-allocator-bucket-count=8"
    "memorysetup-profiler-bucket-allocator-block-size=33554432"
    "memorysetup-profiler-bucket-allocator-block-count=8"
    "memorysetup-profiler-allocator-block-size=16777216"
    "memorysetup-profiler-editor-allocator-block-size=1048576"
    "memorysetup-temp-allocator-size-main=16777216"
    "memorysetup-job-temp-allocator-block-size=2097152"
    "memorysetup-job-temp-allocator-block-size-background=1048576"
    "memorysetup-job-temp-allocator-reduction-small-platforms=262144"
    "memorysetup-temp-allocator-size-background-worker=32768"
    "memorysetup-temp-allocator-size-job-worker=262144"
    "memorysetup-temp-allocator-size-preload-manager=33554432"
    "memorysetup-temp-allocator-size-nav-mesh-worker=65536"
    "memorysetup-temp-allocator-size-audio-worker=65536"
    "memorysetup-temp-allocator-size-cloud-worker=32768"
    "memorysetup-temp-allocator-size-gi-baking-worker=262144"
    "memorysetup-temp-allocator-size-gfx=262144"
Refreshing native plugins compatible for Editor in 93.65 ms, found 3 plugins.
Preloading 0 native plugins for Editor in 0.00 ms.
Initialize engine version: 2021.3.7f1 (24e8595d6d43)
[Subsystems] Discovering subsystems at path C:/Program Files/Unity/Hub/Editor/2021.3.7f1/Editor/Data/Resources/UnitySubsystems
[Subsystems] Discovering subsystems at path C:/Users/Sarah Hesham/OneDrive/Documents/Unity/Endless Runner/Assets
GfxDevice: creating device client; threaded=0; jobified=0
Direct3D:
    Version:  Direct3D 11.0 [level 11.1]
    Renderer: NVIDIA GeForce GTX 1660 Ti (ID=0x2191)
    Vendor:   NVIDIA
    VRAM:     5991 MB
    Driver:   30.0.15.1272
Initialize mono
Mono path[0] = 'C:/Program Files/Unity/Hub/Editor/2021.3.7f1/Editor/Data/Managed'
Mono path[1] = 'C:/Program Files/Unity/Hub/Editor/2021.3.7f1/Editor/Data/MonoBleedingEdge/lib/mono/unityjit-win32'
Mono config path = 'C:/Program Files/Unity/Hub/Editor/2021.3.7f1/Editor/Data/MonoBleedingEdge/etc'
Using monoOptions --debugger-agent=transport=dt_socket,embedding=1,server=y,suspend=n,address=127.0.0.1:56208
Begin MonoManager ReloadAssembly
Registering precompiled unity dll's ...
Register platform support module: C:/Program Files/Unity/Hub/Editor/2021.3.7f1/Editor/Data/PlaybackEngines/AndroidPlayer/UnityEditor.Android.Extensions.dll
Register platform support module: C:/Program Files/Unity/Hub/Editor/2021.3.7f1/Editor/Data/PlaybackEngines/iOSSupport/UnityEditor.iOS.Extensions.dll
Register platform support module: C:/Program Files/Unity/Hub/Editor/2021.3.7f1/Editor/Data/PlaybackEngines/WindowsStandaloneSupport/UnityEditor.WindowsStandalone.Extensions.dll
Registered in 0.008394 seconds.
Native extension for WindowsStandalone target not found
[usbmuxd] Start listen thread
[usbmuxd] Listen thread started
Native extension for iOS target not found
Native extension for Android target not found
Refreshing native plugins compatible for Editor in 92.92 ms, found 3 plugins.
Preloading 0 native plugins for Editor in 0.00 ms.
Mono: successfully reloaded assembly
- Completed reload, in  0.698 seconds
Domain Reload Profiling:
	ReloadAssembly (698ms)
		BeginReloadAssembly (71ms)
			ExecutionOrderSort (0ms)
			DisableScriptedObjects (0ms)
			BackupInstance (0ms)
			ReleaseScriptingObjects (0ms)
			CreateAndSetChildDomain (1ms)
		EndReloadAssembly (510ms)
			LoadAssemblies (70ms)
			RebuildTransferFunctionScriptingTraits (0ms)
			SetupTypeCache (114ms)
			ReleaseScriptCaches (0ms)
			RebuildScriptCaches (28ms)
			SetupLoadedEditorAssemblies (315ms)
				LogAssemblyErrors (0ms)
				InitializePlatformSupportModulesInManaged (76ms)
				SetLoadedEditorAssemblies (2ms)
				RefreshPlugins (93ms)
				BeforeProcessingInitializeOnLoad (1ms)
				ProcessInitializeOnLoadAttributes (94ms)
				ProcessInitializeOnLoadMethodAttributes (49ms)
				AfterProcessingInitializeOnLoad (0ms)
				EditorAssembliesLoaded (0ms)
			ExecutionOrderSort2 (0ms)
			AwakeInstancesAfterBackupRestoration (0ms)
Platform modules already initialized, skipping
Registering precompiled user dll's ...
Registered in 0.007568 seconds.
Begin MonoManager ReloadAssembly
Symbol file LoadedFromMemory doesn't match image C:\Users\Sarah Hesham\OneDrive\Documents\Unity\Endless Runner\Library\PackageCache\com.unity.visualscripting@1.7.8\Editor\VisualScripting.Core\Dependencies\YamlDotNet\Unity.VisualScripting.YamlDotNet.dll
Symbol file LoadedFromMemory doesn't match image C:\Users\Sarah Hesham\OneDrive\Documents\Unity\Endless Runner\Library\PackageCache\com.unity.visualscripting@1.7.8\Editor\VisualScripting.Core\Dependencies\DotNetZip\Unity.VisualScripting.IonicZip.dll
Native extension for WindowsStandalone target not found
Native extension for iOS target not found
Native extension for Android target not found
Refreshing native plugins compatible for Editor in 0.56 ms, found 3 plugins.
Preloading 0 native plugins for Editor in 0.00 ms.
Mono: successfully reloaded assembly
- Completed reload, in  1.251 seconds
Domain Reload Profiling:
	ReloadAssembly (1253ms)
		BeginReloadAssembly (219ms)
			ExecutionOrderSort (0ms)
			DisableScriptedObjects (6ms)
			BackupInstance (0ms)
			ReleaseScriptingObjects (0ms)
			CreateAndSetChildDomain (124ms)
		EndReloadAssembly (905ms)
			LoadAssemblies (83ms)
			RebuildTransferFunctionScriptingTraits (0ms)
			SetupTypeCache (316ms)
			ReleaseScriptCaches (1ms)
			RebuildScriptCaches (52ms)
			SetupLoadedEditorAssemblies (401ms)
				LogAssemblyErrors (0ms)
				InitializePlatformSupportModulesInManaged (25ms)
				SetLoadedEditorAssemblies (0ms)
				RefreshPlugins (1ms)
				BeforeProcessingInitializeOnLoad (96ms)
				ProcessInitializeOnLoadAttributes (233ms)
				ProcessInitializeOnLoadMethodAttributes (36ms)
				AfterProcessingInitializeOnLoad (10ms)
				EditorAssembliesLoaded (0ms)
			ExecutionOrderSort2 (0ms)
			AwakeInstancesAfterBackupRestoration (12ms)
Platform modules already initialized, skipping
========================================================================
Worker process is ready to serve import requests
Launched and connected shader compiler UnityShaderCompiler.exe after 0.04 seconds
Refreshing native plugins compatible for Editor in 0.70 ms, found 3 plugins.
Preloading 0 native plugins for Editor in 0.00 ms.
Unloading 3436 Unused Serialized files (Serialized files now loaded: 0)
Unloading 27 unused Assets / (111.3 KB). Loaded Objects now: 3898.
Memory consumption went from 120.2 MB to 120.1 MB.
Total: 3.131000 ms (FindLiveObjects: 0.314100 ms CreateObjectMapping: 0.268400 ms MarkObjects: 2.434400 ms  DeleteObjects: 0.113100 ms)

AssetImportParameters requested are different than current active one (requested -> active):
  custom:video-decoder-ogg-theora: a1e56fd34408186e4bbccfd4996cb3dc -> 
  custom:container-muxer-webm: aa71ff27fc2769a1b78a27578f13a17b -> 
  custom:container-demuxer-webm: 4f35f7cbe854078d1ac9338744f61a02 -> 
  custom:video-encoder-webm-vp8: eb34c28f22e8b96e1ab97ce403110664 -> 
  custom:video-codec-MediaFoundation-h265: 746d11721c4dcdbdad8f713fa42b33f4 -> 
  custom:audio-encoder-webm-vorbis: bf7c407c2cedff20999df2af8eb42d56 -> 
  custom:framework-win-MediaFoundation: 216162199b28c13a410421893ffa2e32 -> 
  custom:container-demuxer-ogg: 62fdf1f143b41e24485cea50d1cbac27 -> 
  custom:video-decoder-webm-vp8: 9c59270c3fd7afecdb556c50c9e8de78 -> 
  custom:audio-decoder-ogg-vorbis: bf7c407c2cedff20999df2af8eb42d56 -> 
========================================================================
Received Import Request.
  Time since last request: 37147.462349 seconds.
  path: Assets/Scenes/Info1.unity
  artifactKey: Guid(a32c7e7909c0bdb418e63dd47ea3b5bc) Importer(815301076,1909f56bfc062723c751e8b465ee728b)
Start importing Assets/Scenes/Info1.unity using Guid(a32c7e7909c0bdb418e63dd47ea3b5bc) Importer(815301076,1909f56bfc062723c751e8b465ee728b)  -> (artifact id: 'fa60963fbbc1b27ce75f074fff1521b0') in 0.010713 seconds 
========================================================================
Received Import Request.
  Time since last request: 107.111718 seconds.
  path: Assets/Images/1.PNG
  artifactKey: Guid(5223689b9a6c3454bae92408990b5ef7) Importer(815301076,1909f56bfc062723c751e8b465ee728b)
Start importing Assets/Images/1.PNG using Guid(5223689b9a6c3454bae92408990b5ef7) Importer(815301076,1909f56bfc062723c751e8b465ee728b)  -> (artifact id: 'f6678c57c4ad6cca239186779f33cbcc') in 0.129389 seconds 
========================================================================
Received Import Request.
  Time since last request: 6.736076 seconds.
  path: Assets/Images/1.PNG
  artifactKey: Guid(5223689b9a6c3454bae92408990b5ef7) Importer(815301076,1909f56bfc062723c751e8b465ee728b)
Start importing Assets/Images/1.PNG using Guid(5223689b9a6c3454bae92408990b5ef7) Importer(815301076,1909f56bfc062723c751e8b465ee728b)  -> (artifact id: 'e06525e20d9fe1007b27d3eda8e738c6') in 0.075287 seconds 
========================================================================
Received Import Request.
  Time since last request: 3.593832 seconds.
  path: Assets/Images/1.PNG
  artifactKey: Guid(5223689b9a6c3454bae92408990b5ef7) Importer(815301076,1909f56bfc062723c751e8b465ee728b)
Start importing Assets/Images/1.PNG using Guid(5223689b9a6c3454bae92408990b5ef7) Importer(815301076,1909f56bfc062723c751e8b465ee728b)  -> (artifact id: '6d1481ef532f8366c5ad1bde8e4f84ed') in 0.038759 seconds 
========================================================================
Received Import Request.
  Time since last request: 8.862370 seconds.
  path: Assets/Images/2.PNG
  artifactKey: Guid(5e1b7d3cab5869f4ea164546f62626c7) Importer(815301076,1909f56bfc062723c751e8b465ee728b)
Start importing Assets/Images/2.PNG using Guid(5e1b7d3cab5869f4ea164546f62626c7) Importer(815301076,1909f56bfc062723c751e8b465ee728b)  -> (artifact id: '27c0b7552ec5b6f5ef52ef8597c1fcb4') in 0.054765 seconds 
========================================================================
Received Import Request.
  Time since last request: 186.292810 seconds.
  path: Assets/Scenes/Info1.unity
  artifactKey: Guid(a32c7e7909c0bdb418e63dd47ea3b5bc) Importer(815301076,1909f56bfc062723c751e8b465ee728b)
Start importing Assets/Scenes/Info1.unity using Guid(a32c7e7909c0bdb418e63dd47ea3b5bc) Importer(815301076,1909f56bfc062723c751e8b465ee728b)  -> (artifact id: 'ce8cd46005c756fc0ba1f1d0f442d538') in 0.003532 seconds 
========================================================================
Received Import Request.
  Time since last request: 195.417725 seconds.
  path: Assets/Prefabs/MenuButton.prefab
  artifactKey: Guid(a2e342137a1201443a4ec1cbc87e4b03) Importer(815301076,1909f56bfc062723c751e8b465ee728b)
Start importing Assets/Prefabs/MenuButton.prefab using Guid(a2e342137a1201443a4ec1cbc87e4b03) Importer(815301076,1909f56bfc062723c751e8b465ee728b)  -> (artifact id: '17407a7dab797433e3748046ce94f3f1') in 0.026974 seconds 
========================================================================
Received Import Request.
  Time since last request: 3.100746 seconds.
  path: Assets/Prefabs/ExitButton.prefab
  artifactKey: Guid(1546278de165df94d893dfa68f6ea088) Importer(815301076,1909f56bfc062723c751e8b465ee728b)
Start importing Assets/Prefabs/ExitButton.prefab using Guid(1546278de165df94d893dfa68f6ea088) Importer(815301076,1909f56bfc062723c751e8b465ee728b)  -> (artifact id: '17c00655086c7a29ec90ed817e2bc282') in 0.011064 seconds 
========================================================================
Received Import Request.
  Time since last request: 5.012603 seconds.
  path: Assets/Scenes/Info1.unity
  artifactKey: Guid(a32c7e7909c0bdb418e63dd47ea3b5bc) Importer(815301076,1909f56bfc062723c751e8b465ee728b)
Start importing Assets/Scenes/Info1.unity using Guid(a32c7e7909c0bdb418e63dd47ea3b5bc) Importer(815301076,1909f56bfc062723c751e8b465ee728b)  -> (artifact id: '9f98c18d3dd7c07f916cf48f64257e74') in 0.002777 seconds 
========================================================================
Received Import Request.
  Time since last request: 136.751501 seconds.
  path: Assets/Prefabs/Next.prefab
  artifactKey: Guid(a6a081703738a2a42ac529b9673fae34) Importer(815301076,1909f56bfc062723c751e8b465ee728b)
Start importing Assets/Prefabs/Next.prefab using Guid(a6a081703738a2a42ac529b9673fae34) Importer(815301076,1909f56bfc062723c751e8b465ee728b)  -> (artifact id: 'e34b58e0837048b6efb8ca8b701d2860') in 0.013032 seconds 
========================================================================
Received Import Request.
  Time since last request: 3.954912 seconds.
  path: Assets/Prefabs/Back.prefab
  artifactKey: Guid(9e0f4f2475cb04745818fa661af5f9fe) Importer(815301076,1909f56bfc062723c751e8b465ee728b)
Start importing Assets/Prefabs/Back.prefab using Guid(9e0f4f2475cb04745818fa661af5f9fe) Importer(815301076,1909f56bfc062723c751e8b465ee728b)  -> (artifact id: '8902d9bea346d728095832bebdef280e') in 0.007339 seconds 
========================================================================
Received Import Request.
  Time since last request: 81.581686 seconds.
  path: Assets/Scenes/Info.unity
  artifactKey: Guid(ae44872d471cb07458633395304e90a7) Importer(815301076,1909f56bfc062723c751e8b465ee728b)
Start importing Assets/Scenes/Info.unity using Guid(ae44872d471cb07458633395304e90a7) Importer(815301076,1909f56bfc062723c751e8b465ee728b)  -> (artifact id: 'fecb4ab05501a3966c55891578d8e2ae') in 0.007248 seconds 
========================================================================
Received Import Request.
  Time since last request: 18.305366 seconds.
  path: Assets/Scenes/Info1.unity
  artifactKey: Guid(a32c7e7909c0bdb418e63dd47ea3b5bc) Importer(815301076,1909f56bfc062723c751e8b465ee728b)
Start importing Assets/Scenes/Info1.unity using Guid(a32c7e7909c0bdb418e63dd47ea3b5bc) Importer(815301076,1909f56bfc062723c751e8b465ee728b)  -> (artifact id: '9cedb0e7476fbd92ebb93b8735976759') in 0.003214 seconds 
========================================================================
Received Import Request.
  Time since last request: 188.445085 seconds.
  path: Assets/Scenes/Info2.unity
  artifactKey: Guid(be996a24e53c9244aa360aa4560a1a22) Importer(815301076,1909f56bfc062723c751e8b465ee728b)
Start importing Assets/Scenes/Info2.unity using Guid(be996a24e53c9244aa360aa4560a1a22) Importer(815301076,1909f56bfc062723c751e8b465ee728b)  -> (artifact id: '509a2d21bf7a3cafd046b333487ad54e') in 0.008970 seconds 
========================================================================
Received Import Request.
  Time since last request: 73.796644 seconds.
  path: Assets/Images/3.PNG
  artifactKey: Guid(5cc507828dc564145970510367db2baa) Importer(815301076,1909f56bfc062723c751e8b465ee728b)
Start importing Assets/Images/3.PNG using Guid(5cc507828dc564145970510367db2baa) Importer(815301076,1909f56bfc062723c751e8b465ee728b)  -> (artifact id: '6308bbd954e377bb52bb785e800f60dd') in 0.016784 seconds 
========================================================================
Received Import Request.
  Time since last request: 5.754960 seconds.
  path: Assets/Images/3.PNG
  artifactKey: Guid(5cc507828dc564145970510367db2baa) Importer(815301076,1909f56bfc062723c751e8b465ee728b)
Start importing Assets/Images/3.PNG using Guid(5cc507828dc564145970510367db2baa) Importer(815301076,1909f56bfc062723c751e8b465ee728b)  -> (artifact id: 'eb2d6f40cf32f400b74b52d62d6d4a86') in 0.030016 seconds 
========================================================================
Received Import Request.
  Time since last request: 202.174843 seconds.
  path: Assets/Scenes/Info1.unity
  artifactKey: Guid(a32c7e7909c0bdb418e63dd47ea3b5bc) Importer(815301076,1909f56bfc062723c751e8b465ee728b)
Start importing Assets/Scenes/Info1.unity using Guid(a32c7e7909c0bdb418e63dd47ea3b5bc) Importer(815301076,1909f56bfc062723c751e8b465ee728b)  -> (artifact id: 'd8bcfc220a7cd56488624c90741b09ac') in 0.002289 seconds 
========================================================================
Received Import Request.
  Time since last request: 3.285488 seconds.
  path: Assets/Scenes/Info2.unity
  artifactKey: Guid(be996a24e53c9244aa360aa4560a1a22) Importer(815301076,1909f56bfc062723c751e8b465ee728b)
Start importing Assets/Scenes/Info2.unity using Guid(be996a24e53c9244aa360aa4560a1a22) Importer(815301076,1909f56bfc062723c751e8b465ee728b)  -> (artifact id: 'c4e9df226643379373828699c9159107') in 0.003566 seconds 
========================================================================
Received Import Request.
  Time since last request: 135.046375 seconds.
  path: Assets/Scenes/Info2.unity
  artifactKey: Guid(be996a24e53c9244aa360aa4560a1a22) Importer(815301076,1909f56bfc062723c751e8b465ee728b)
Start importing Assets/Scenes/Info2.unity using Guid(be996a24e53c9244aa360aa4560a1a22) Importer(815301076,1909f56bfc062723c751e8b465ee728b)  -> (artifact id: '4d59152b40f1f87a583a1531d1f33a11') in 0.002468 seconds 
========================================================================
Received Prepare
Registering precompiled user dll's ...
Registered in 0.006859 seconds.
Begin MonoManager ReloadAssembly
Symbol file LoadedFromMemory doesn't match image C:\Users\Sarah Hesham\OneDrive\Documents\Unity\Endless Runner\Library\PackageCache\com.unity.visualscripting@1.7.8\Editor\VisualScripting.Core\Dependencies\YamlDotNet\Unity.VisualScripting.YamlDotNet.dll
Symbol file LoadedFromMemory doesn't match image C:\Users\Sarah Hesham\OneDrive\Documents\Unity\Endless Runner\Library\PackageCache\com.unity.visualscripting@1.7.8\Editor\VisualScripting.Core\Dependencies\DotNetZip\Unity.VisualScripting.IonicZip.dll
Native extension for WindowsStandalone target not found
Native extension for iOS target not found
Native extension for Android target not found
Refreshing native plugins compatible for Editor in 1.18 ms, found 3 plugins.
Preloading 0 native plugins for Editor in 0.00 ms.
Mono: successfully reloaded assembly
- Completed reload, in  1.316 seconds
Domain Reload Profiling:
	ReloadAssembly (1317ms)
		BeginReloadAssembly (143ms)
			ExecutionOrderSort (0ms)
			DisableScriptedObjects (5ms)
			BackupInstance (0ms)
			ReleaseScriptingObjects (0ms)
			CreateAndSetChildDomain (42ms)
		EndReloadAssembly (1073ms)
			LoadAssemblies (86ms)
			RebuildTransferFunctionScriptingTraits (0ms)
			SetupTypeCache (351ms)
			ReleaseScriptCaches (2ms)
			RebuildScriptCaches (62ms)
			SetupLoadedEditorAssemblies (487ms)
				LogAssemblyErrors (0ms)
				InitializePlatformSupportModulesInManaged (47ms)
				SetLoadedEditorAssemblies (1ms)
				RefreshPlugins (1ms)
				BeforeProcessingInitializeOnLoad (99ms)
				ProcessInitializeOnLoadAttributes (289ms)
				ProcessInitializeOnLoadMethodAttributes (42ms)
				AfterProcessingInitializeOnLoad (9ms)
				EditorAssembliesLoaded (0ms)
			ExecutionOrderSort2 (0ms)
			AwakeInstancesAfterBackupRestoration (11ms)
Platform modules already initialized, skipping
Refreshing native plugins compatible for Editor in 3.49 ms, found 3 plugins.
Preloading 0 native plugins for Editor in 0.00 ms.
Unloading 3418 Unused Serialized files (Serialized files now loaded: 0)
Unloading 21 unused Assets / (79.2 KB). Loaded Objects now: 3917.
Memory consumption went from 123.4 MB to 123.3 MB.
Total: 5.131600 ms (FindLiveObjects: 0.474400 ms CreateObjectMapping: 0.292900 ms MarkObjects: 4.184000 ms  DeleteObjects: 0.177200 ms)

AssetImportParameters requested are different than current active one (requested -> active):
  custom:video-decoder-ogg-theora: a1e56fd34408186e4bbccfd4996cb3dc -> 
  custom:container-muxer-webm: aa71ff27fc2769a1b78a27578f13a17b -> 
  custom:container-demuxer-webm: 4f35f7cbe854078d1ac9338744f61a02 -> 
  custom:video-encoder-webm-vp8: eb34c28f22e8b96e1ab97ce403110664 -> 
  custom:video-codec-MediaFoundation-h265: 746d11721c4dcdbdad8f713fa42b33f4 -> 
  custom:audio-encoder-webm-vorbis: bf7c407c2cedff20999df2af8eb42d56 -> 
  custom:framework-win-MediaFoundation: 216162199b28c13a410421893ffa2e32 -> 
  custom:container-demuxer-ogg: 62fdf1f143b41e24485cea50d1cbac27 -> 
  custom:video-decoder-webm-vp8: 9c59270c3fd7afecdb556c50c9e8de78 -> 
  custom:audio-decoder-ogg-vorbis: bf7c407c2cedff20999df2af8eb42d56 -> 
========================================================================
Received Prepare
Registering precompiled user dll's ...
Registered in 0.007357 seconds.
Begin MonoManager ReloadAssembly
Symbol file LoadedFromMemory doesn't match image C:\Users\Sarah Hesham\OneDrive\Documents\Unity\Endless Runner\Library\PackageCache\com.unity.visualscripting@1.7.8\Editor\VisualScripting.Core\Dependencies\YamlDotNet\Unity.VisualScripting.YamlDotNet.dll
Symbol file LoadedFromMemory doesn't match image C:\Users\Sarah Hesham\OneDrive\Documents\Unity\Endless Runner\Library\PackageCache\com.unity.visualscripting@1.7.8\Editor\VisualScripting.Core\Dependencies\DotNetZip\Unity.VisualScripting.IonicZip.dll
Native extension for WindowsStandalone target not found
Native extension for iOS target not found
Native extension for Android target not found
Refreshing native plugins compatible for Editor in 1.58 ms, found 3 plugins.
Preloading 0 native plugins for Editor in 0.00 ms.
Mono: successfully reloaded assembly
- Completed reload, in  1.358 seconds
Domain Reload Profiling:
	ReloadAssembly (1359ms)
		BeginReloadAssembly (145ms)
			ExecutionOrderSort (0ms)
			DisableScriptedObjects (8ms)
			BackupInstance (0ms)
			ReleaseScriptingObjects (0ms)
			CreateAndSetChildDomain (43ms)
		EndReloadAssembly (1098ms)
			LoadAssemblies (113ms)
			RebuildTransferFunctionScriptingTraits (0ms)
			SetupTypeCache (385ms)
			ReleaseScriptCaches (2ms)
			RebuildScriptCaches (60ms)
			SetupLoadedEditorAssemblies (462ms)
				LogAssemblyErrors (0ms)
				InitializePlatformSupportModulesInManaged (47ms)
				SetLoadedEditorAssemblies (1ms)
				RefreshPlugins (2ms)
				BeforeProcessingInitializeOnLoad (95ms)
				ProcessInitializeOnLoadAttributes (269ms)
				ProcessInitializeOnLoadMethodAttributes (39ms)
				AfterProcessingInitializeOnLoad (9ms)
				EditorAssembliesLoaded (0ms)
			ExecutionOrderSort2 (0ms)
			AwakeInstancesAfterBackupRestoration (10ms)
Platform modules already initialized, skipping
Refreshing native plugins compatible for Editor in 4.32 ms, found 3 plugins.
Preloading 0 native plugins for Editor in 0.00 ms.
Unloading 3418 Unused Serialized files (Serialized files now loaded: 0)
Unloading 20 unused Assets / (78.4 KB). Loaded Objects now: 3920.
Memory consumption went from 123.4 MB to 123.4 MB.
Total: 5.329600 ms (FindLiveObjects: 0.654800 ms CreateObjectMapping: 0.441000 ms MarkObjects: 4.041600 ms  DeleteObjects: 0.190800 ms)

AssetImportParameters requested are different than current active one (requested -> active):
  custom:video-decoder-ogg-theora: a1e56fd34408186e4bbccfd4996cb3dc -> 
  custom:container-muxer-webm: aa71ff27fc2769a1b78a27578f13a17b -> 
  custom:container-demuxer-webm: 4f35f7cbe854078d1ac9338744f61a02 -> 
  custom:video-encoder-webm-vp8: eb34c28f22e8b96e1ab97ce403110664 -> 
  custom:video-codec-MediaFoundation-h265: 746d11721c4dcdbdad8f713fa42b33f4 -> 
  custom:audio-encoder-webm-vorbis: bf7c407c2cedff20999df2af8eb42d56 -> 
  custom:framework-win-MediaFoundation: 216162199b28c13a410421893ffa2e32 -> 
  custom:container-demuxer-ogg: 62fdf1f143b41e24485cea50d1cbac27 -> 
  custom:video-decoder-webm-vp8: 9c59270c3fd7afecdb556c50c9e8de78 -> 
  custom:audio-decoder-ogg-vorbis: bf7c407c2cedff20999df2af8eb42d56 -> 
========================================================================
Received Prepare
Registering precompiled user dll's ...
Registered in 0.008763 seconds.
Begin MonoManager ReloadAssembly
Symbol file LoadedFromMemory doesn't match image C:\Users\Sarah Hesham\OneDrive\Documents\Unity\Endless Runner\Library\PackageCache\com.unity.visualscripting@1.7.8\Editor\VisualScripting.Core\Dependencies\YamlDotNet\Unity.VisualScripting.YamlDotNet.dll
Symbol file LoadedFromMemory doesn't match image C:\Users\Sarah Hesham\OneDrive\Documents\Unity\Endless Runner\Library\PackageCache\com.unity.visualscripting@1.7.8\Editor\VisualScripting.Core\Dependencies\DotNetZip\Unity.VisualScripting.IonicZip.dll
Native extension for WindowsStandalone target not found
Native extension for iOS target not found
Native extension for Android target not found
Refreshing native plugins compatible for Editor in 2.62 ms, found 3 plugins.
Preloading 0 native plugins for Editor in 0.00 ms.
Mono: successfully reloaded assembly
- Completed reload, in  1.373 seconds
Domain Reload Profiling:
	ReloadAssembly (1374ms)
		BeginReloadAssembly (141ms)
			ExecutionOrderSort (0ms)
			DisableScriptedObjects (6ms)
			BackupInstance (0ms)
			ReleaseScriptingObjects (0ms)
			CreateAndSetChildDomain (41ms)
		EndReloadAssembly (1126ms)
			LoadAssemblies (97ms)
			RebuildTransferFunctionScriptingTraits (0ms)
			SetupTypeCache (414ms)
			ReleaseScriptCaches (2ms)
			RebuildScriptCaches (61ms)
			SetupLoadedEditorAssemblies (466ms)
				LogAssemblyErrors (0ms)
				InitializePlatformSupportModulesInManaged (48ms)
				SetLoadedEditorAssemblies (1ms)
				RefreshPlugins (3ms)
				BeforeProcessingInitializeOnLoad (100ms)
				ProcessInitializeOnLoadAttributes (258ms)
				ProcessInitializeOnLoadMethodAttributes (46ms)
				AfterProcessingInitializeOnLoad (10ms)
				EditorAssembliesLoaded (1ms)
			ExecutionOrderSort2 (0ms)
			AwakeInstancesAfterBackupRestoration (12ms)
Platform modules already initialized, skipping
Refreshing native plugins compatible for Editor in 3.77 ms, found 3 plugins.
Preloading 0 native plugins for Editor in 0.00 ms.
Unloading 3418 Unused Serialized files (Serialized files now loaded: 0)
Unloading 20 unused Assets / (78.5 KB). Loaded Objects now: 3923.
Memory consumption went from 123.4 MB to 123.4 MB.
Total: 7.158200 ms (FindLiveObjects: 0.346000 ms CreateObjectMapping: 0.284400 ms MarkObjects: 6.325600 ms  DeleteObjects: 0.199700 ms)

AssetImportParameters requested are different than current active one (requested -> active):
  custom:video-decoder-ogg-theora: a1e56fd34408186e4bbccfd4996cb3dc -> 
  custom:container-muxer-webm: aa71ff27fc2769a1b78a27578f13a17b -> 
  custom:container-demuxer-webm: 4f35f7cbe854078d1ac9338744f61a02 -> 
  custom:video-encoder-webm-vp8: eb34c28f22e8b96e1ab97ce403110664 -> 
  custom:video-codec-MediaFoundation-h265: 746d11721c4dcdbdad8f713fa42b33f4 -> 
  custom:audio-encoder-webm-vorbis: bf7c407c2cedff20999df2af8eb42d56 -> 
  custom:framework-win-MediaFoundation: 216162199b28c13a410421893ffa2e32 -> 
  custom:container-demuxer-ogg: 62fdf1f143b41e24485cea50d1cbac27 -> 
  custom:video-decoder-webm-vp8: 9c59270c3fd7afecdb556c50c9e8de78 -> 
  custom:audio-decoder-ogg-vorbis: bf7c407c2cedff20999df2af8eb42d56 -> 
========================================================================
Received Import Request.
  Time since last request: 119.356289 seconds.
  path: Assets/Scenes/Info2.unity
  artifactKey: Guid(be996a24e53c9244aa360aa4560a1a22) Importer(815301076,1909f56bfc062723c751e8b465ee728b)
Start importing Assets/Scenes/Info2.unity using Guid(be996a24e53c9244aa360aa4560a1a22) Importer(815301076,1909f56bfc062723c751e8b465ee728b)  -> (artifact id: '14b0b6882533b7023ed97baba6842bac') in 0.007658 seconds 
========================================================================
Received Import Request.
  Time since last request: 42.839306 seconds.
  path: Assets/Scenes/Info3.unity
  artifactKey: Guid(2da5bfcdba4b4704fa4cd0e24dd67138) Importer(815301076,1909f56bfc062723c751e8b465ee728b)
Start importing Assets/Scenes/Info3.unity using Guid(2da5bfcdba4b4704fa4cd0e24dd67138) Importer(815301076,1909f56bfc062723c751e8b465ee728b)  -> (artifact id: 'aec3c5915a5c26b599416df8dae7cc0d') in 0.009105 seconds 
========================================================================
Received Import Request.
  Time since last request: 29.572735 seconds.
  path: Assets/Images/4.PNG
  artifactKey: Guid(650fa83cd20e5494487f6b7753fed1e9) Importer(815301076,1909f56bfc062723c751e8b465ee728b)
Start importing Assets/Images/4.PNG using Guid(650fa83cd20e5494487f6b7753fed1e9) Importer(815301076,1909f56bfc062723c751e8b465ee728b)  -> (artifact id: '7454e379251bb33b8cee0dde2aac2225') in 0.040542 seconds 
========================================================================
Received Import Request.
  Time since last request: 6.630510 seconds.
  path: Assets/Images/4.PNG
  artifactKey: Guid(650fa83cd20e5494487f6b7753fed1e9) Importer(815301076,1909f56bfc062723c751e8b465ee728b)
Start importing Assets/Images/4.PNG using Guid(650fa83cd20e5494487f6b7753fed1e9) Importer(815301076,1909f56bfc062723c751e8b465ee728b)  -> (artifact id: '65646dcb343d6e72e2d97e298d7b24e8') in 0.035206 seconds 
========================================================================
Received Import Request.
  Time since last request: 191.928659 seconds.
  path: Assets/Scenes/Info3.unity
  artifactKey: Guid(2da5bfcdba4b4704fa4cd0e24dd67138) Importer(815301076,1909f56bfc062723c751e8b465ee728b)
Start importing Assets/Scenes/Info3.unity using Guid(2da5bfcdba4b4704fa4cd0e24dd67138) Importer(815301076,1909f56bfc062723c751e8b465ee728b)  -> (artifact id: '961e804a3826af7b1834386aea86f179') in 0.002233 seconds 
========================================================================
Received Import Request.
  Time since last request: 21.761014 seconds.
  path: Assets/Scenes/Info4.unity
  artifactKey: Guid(df77be07395a6734dbd61f3a7e4a7a20) Importer(815301076,1909f56bfc062723c751e8b465ee728b)
Start importing Assets/Scenes/Info4.unity using Guid(df77be07395a6734dbd61f3a7e4a7a20) Importer(815301076,1909f56bfc062723c751e8b465ee728b)  -> (artifact id: '6d412eec613b325467758d40b5d48613') in 0.007832 seconds 
========================================================================
Received Import Request.
  Time since last request: 23.478300 seconds.
  path: Assets/Images/7.PNG
  artifactKey: Guid(8d7f78ec9967e4c43934c20305d3a233) Importer(815301076,1909f56bfc062723c751e8b465ee728b)
Start importing Assets/Images/7.PNG using Guid(8d7f78ec9967e4c43934c20305d3a233) Importer(815301076,1909f56bfc062723c751e8b465ee728b)  -> (artifact id: 'bd88f840bac4c8389b9743cef74ade73') in 0.015911 seconds 
========================================================================
Received Import Request.
  Time since last request: 6.341763 seconds.
  path: Assets/Images/7.PNG
  artifactKey: Guid(8d7f78ec9967e4c43934c20305d3a233) Importer(815301076,1909f56bfc062723c751e8b465ee728b)
Start importing Assets/Images/7.PNG using Guid(8d7f78ec9967e4c43934c20305d3a233) Importer(815301076,1909f56bfc062723c751e8b465ee728b)  -> (artifact id: '4d9b3129b85730293c040e84f3e5f402') in 0.044833 seconds 
========================================================================
Received Import Request.
  Time since last request: 178.590779 seconds.
  path: Assets/Images/Right.png
  artifactKey: Guid(0d132b4ba79177c428ce49810b5c22c4) Importer(815301076,1909f56bfc062723c751e8b465ee728b)
Start importing Assets/Images/Right.png using Guid(0d132b4ba79177c428ce49810b5c22c4) Importer(815301076,1909f56bfc062723c751e8b465ee728b)  -> (artifact id: 'f704206378099c2b7ac010eef287bb7a') in 0.037387 seconds 
========================================================================
Received Import Request.
  Time since last request: 0.246830 seconds.
  path: Assets/Images/Wrong.png
  artifactKey: Guid(4730fa5163e387f42a07a9c6c3a464ee) Importer(815301076,1909f56bfc062723c751e8b465ee728b)
Start importing Assets/Images/Wrong.png using Guid(4730fa5163e387f42a07a9c6c3a464ee) Importer(815301076,1909f56bfc062723c751e8b465ee728b)  -> (artifact id: '4b5cb849499e90c29e9112dd926a26d8') in 0.021067 seconds 
========================================================================
Received Import Request.
  Time since last request: 6.660861 seconds.
  path: Assets/Images/Right.png
  artifactKey: Guid(0d132b4ba79177c428ce49810b5c22c4) Importer(815301076,1909f56bfc062723c751e8b465ee728b)
Start importing Assets/Images/Right.png using Guid(0d132b4ba79177c428ce49810b5c22c4) Importer(815301076,1909f56bfc062723c751e8b465ee728b)  -> (artifact id: 'fb54606454f6d197256ba7d814a7e24b') in 0.058254 seconds 
========================================================================
Received Import Request.
  Time since last request: 7.351328 seconds.
  path: Assets/Images/Wrong.png
  artifactKey: Guid(4730fa5163e387f42a07a9c6c3a464ee) Importer(815301076,1909f56bfc062723c751e8b465ee728b)
Start importing Assets/Images/Wrong.png using Guid(4730fa5163e387f42a07a9c6c3a464ee) Importer(815301076,1909f56bfc062723c751e8b465ee728b)  -> (artifact id: '143beadca4783efde5c96c67baacaf9c') in 0.056584 seconds 
========================================================================
Received Import Request.
  Time since last request: 303.454952 seconds.
  path: Assets/Scenes/Info5.unity
  artifactKey: Guid(42df5df7ad7b5b748a40d118ccd5f7e1) Importer(815301076,1909f56bfc062723c751e8b465ee728b)
Start importing Assets/Scenes/Info5.unity using Guid(42df5df7ad7b5b748a40d118ccd5f7e1) Importer(815301076,1909f56bfc062723c751e8b465ee728b)  -> (artifact id: 'f8eed19bd9487dabcf8630c206021e30') in 0.008123 seconds 
========================================================================
Received Import Request.
  Time since last request: 22.666897 seconds.
  path: Assets/Images/2 1.PNG
  artifactKey: Guid(91a0905df603f2544b2ae91eb3a34c92) Importer(815301076,1909f56bfc062723c751e8b465ee728b)
Start importing Assets/Images/2 1.PNG using Guid(91a0905df603f2544b2ae91eb3a34c92) Importer(815301076,1909f56bfc062723c751e8b465ee728b)  -> (artifact id: 'd15046ed0b8fffc7a9ca300147d6b4b4') in 0.026131 seconds 
========================================================================
Received Import Request.
  Time since last request: 289.143342 seconds.
  path: Assets/Scenes/Info6.unity
  artifactKey: Guid(924e4e07f53e9d545b705a3717240835) Importer(815301076,1909f56bfc062723c751e8b465ee728b)
Start importing Assets/Scenes/Info6.unity using Guid(924e4e07f53e9d545b705a3717240835) Importer(815301076,1909f56bfc062723c751e8b465ee728b)  -> (artifact id: '7040bc0cebd9c050725ff811c9459f85') in 0.009073 seconds 
========================================================================
Received Prepare
Registering precompiled user dll's ...
Registered in 0.008256 seconds.
Begin MonoManager ReloadAssembly
Symbol file LoadedFromMemory doesn't match image C:\Users\Sarah Hesham\OneDrive\Documents\Unity\Endless Runner\Library\PackageCache\com.unity.visualscripting@1.7.8\Editor\VisualScripting.Core\Dependencies\YamlDotNet\Unity.VisualScripting.YamlDotNet.dll
Symbol file LoadedFromMemory doesn't match image C:\Users\Sarah Hesham\OneDrive\Documents\Unity\Endless Runner\Library\PackageCache\com.unity.visualscripting@1.7.8\Editor\VisualScripting.Core\Dependencies\DotNetZip\Unity.VisualScripting.IonicZip.dll
Native extension for WindowsStandalone target not found
Native extension for iOS target not found
Native extension for Android target not found
Refreshing native plugins compatible for Editor in 1.12 ms, found 3 plugins.
Preloading 0 native plugins for Editor in 0.00 ms.
Mono: successfully reloaded assembly
- Completed reload, in  1.556 seconds
Domain Reload Profiling:
	ReloadAssembly (1557ms)
		BeginReloadAssembly (157ms)
			ExecutionOrderSort (0ms)
			DisableScriptedObjects (6ms)
			BackupInstance (0ms)
			ReleaseScriptingObjects (0ms)
			CreateAndSetChildDomain (46ms)
		EndReloadAssembly (1237ms)
			LoadAssemblies (127ms)
			RebuildTransferFunctionScriptingTraits (0ms)
			SetupTypeCache (421ms)
			ReleaseScriptCaches (4ms)
			RebuildScriptCaches (80ms)
			SetupLoadedEditorAssemblies (518ms)
				LogAssemblyErrors (0ms)
				InitializePlatformSupportModulesInManaged (55ms)
				SetLoadedEditorAssemblies (1ms)
				RefreshPlugins (1ms)
				BeforeProcessingInitializeOnLoad (109ms)
				ProcessInitializeOnLoadAttributes (297ms)
				ProcessInitializeOnLoadMethodAttributes (45ms)
				AfterProcessingInitializeOnLoad (9ms)
				EditorAssembliesLoaded (0ms)
			ExecutionOrderSort2 (0ms)
			AwakeInstancesAfterBackupRestoration (11ms)
Platform modules already initialized, skipping
Refreshing native plugins compatible for Editor in 4.26 ms, found 3 plugins.
Preloading 0 native plugins for Editor in 0.00 ms.
Unloading 3418 Unused Serialized files (Serialized files now loaded: 0)
Unloading 20 unused Assets / (78.4 KB). Loaded Objects now: 3939.
Memory consumption went from 123.5 MB to 123.4 MB.
Total: 8.371100 ms (FindLiveObjects: 0.700700 ms CreateObjectMapping: 1.106300 ms MarkObjects: 6.305900 ms  DeleteObjects: 0.256400 ms)

AssetImportParameters requested are different than current active one (requested -> active):
  custom:video-decoder-ogg-theora: a1e56fd34408186e4bbccfd4996cb3dc -> 
  custom:container-muxer-webm: aa71ff27fc2769a1b78a27578f13a17b -> 
  custom:container-demuxer-webm: 4f35f7cbe854078d1ac9338744f61a02 -> 
  custom:video-encoder-webm-vp8: eb34c28f22e8b96e1ab97ce403110664 -> 
  custom:video-codec-MediaFoundation-h265: 746d11721c4dcdbdad8f713fa42b33f4 -> 
  custom:audio-encoder-webm-vorbis: bf7c407c2cedff20999df2af8eb42d56 -> 
  custom:framework-win-MediaFoundation: 216162199b28c13a410421893ffa2e32 -> 
  custom:container-demuxer-ogg: 62fdf1f143b41e24485cea50d1cbac27 -> 
  custom:video-decoder-webm-vp8: 9c59270c3fd7afecdb556c50c9e8de78 -> 
  custom:audio-decoder-ogg-vorbis: bf7c407c2cedff20999df2af8eb42d56 -> 
========================================================================
Received Prepare
Registering precompiled user dll's ...
Registered in 0.007009 seconds.
Begin MonoManager ReloadAssembly
Symbol file LoadedFromMemory doesn't match image C:\Users\Sarah Hesham\OneDrive\Documents\Unity\Endless Runner\Library\PackageCache\com.unity.visualscripting@1.7.8\Editor\VisualScripting.Core\Dependencies\YamlDotNet\Unity.VisualScripting.YamlDotNet.dll
Symbol file LoadedFromMemory doesn't match image C:\Users\Sarah Hesham\OneDrive\Documents\Unity\Endless Runner\Library\PackageCache\com.unity.visualscripting@1.7.8\Editor\VisualScripting.Core\Dependencies\DotNetZip\Unity.VisualScripting.IonicZip.dll
Native extension for WindowsStandalone target not found
Native extension for iOS target not found
Native extension for Android target not found
Refreshing native plugins compatible for Editor in 1.45 ms, found 3 plugins.
Preloading 0 native plugins for Editor in 0.00 ms.
Mono: successfully reloaded assembly
- Completed reload, in  1.307 seconds
Domain Reload Profiling:
	ReloadAssembly (1308ms)
		BeginReloadAssembly (146ms)
			ExecutionOrderSort (0ms)
			DisableScriptedObjects (6ms)
			BackupInstance (0ms)
			ReleaseScriptingObjects (0ms)
			CreateAndSetChildDomain (42ms)
		EndReloadAssembly (1053ms)
			LoadAssemblies (102ms)
			RebuildTransferFunctionScriptingTraits (0ms)
			SetupTypeCache (334ms)
			ReleaseScriptCaches (2ms)
			RebuildScriptCaches (61ms)
			SetupLoadedEditorAssemblies (466ms)
				LogAssemblyErrors (0ms)
				InitializePlatformSupportModulesInManaged (45ms)
				SetLoadedEditorAssemblies (1ms)
				RefreshPlugins (2ms)
				BeforeProcessingInitializeOnLoad (102ms)
				ProcessInitializeOnLoadAttributes (270ms)
				ProcessInitializeOnLoadMethodAttributes (37ms)
				AfterProcessingInitializeOnLoad (10ms)
				EditorAssembliesLoaded (0ms)
			ExecutionOrderSort2 (0ms)
			AwakeInstancesAfterBackupRestoration (10ms)
Platform modules already initialized, skipping
Refreshing native plugins compatible for Editor in 3.80 ms, found 3 plugins.
Preloading 0 native plugins for Editor in 0.00 ms.
Unloading 3418 Unused Serialized files (Serialized files now loaded: 0)
Unloading 20 unused Assets / (78.4 KB). Loaded Objects now: 3942.
Memory consumption went from 123.5 MB to 123.4 MB.
Total: 6.194400 ms (FindLiveObjects: 0.612900 ms CreateObjectMapping: 0.420000 ms MarkObjects: 4.985800 ms  DeleteObjects: 0.174100 ms)

AssetImportParameters requested are different than current active one (requested -> active):
  custom:video-decoder-ogg-theora: a1e56fd34408186e4bbccfd4996cb3dc -> 
  custom:container-muxer-webm: aa71ff27fc2769a1b78a27578f13a17b -> 
  custom:container-demuxer-webm: 4f35f7cbe854078d1ac9338744f61a02 -> 
  custom:video-encoder-webm-vp8: eb34c28f22e8b96e1ab97ce403110664 -> 
  custom:video-codec-MediaFoundation-h265: 746d11721c4dcdbdad8f713fa42b33f4 -> 
  custom:audio-encoder-webm-vorbis: bf7c407c2cedff20999df2af8eb42d56 -> 
  custom:framework-win-MediaFoundation: 216162199b28c13a410421893ffa2e32 -> 
  custom:container-demuxer-ogg: 62fdf1f143b41e24485cea50d1cbac27 -> 
  custom:video-decoder-webm-vp8: 9c59270c3fd7afecdb556c50c9e8de78 -> 
  custom:audio-decoder-ogg-vorbis: bf7c407c2cedff20999df2af8eb42d56 -> 
========================================================================
Received Import Request.
  Time since last request: 596.166702 seconds.
  path: Assets/Scenes/Info6.unity
  artifactKey: Guid(924e4e07f53e9d545b705a3717240835) Importer(815301076,1909f56bfc062723c751e8b465ee728b)
Start importing Assets/Scenes/Info6.unity using Guid(924e4e07f53e9d545b705a3717240835) Importer(815301076,1909f56bfc062723c751e8b465ee728b)  -> (artifact id: 'a075b48d6df4764cb10ae4ce7a92cade') in 0.005658 seconds 
========================================================================
Received Prepare
Registering precompiled user dll's ...
Registered in 0.007478 seconds.
Begin MonoManager ReloadAssembly
Symbol file LoadedFromMemory doesn't match image C:\Users\Sarah Hesham\OneDrive\Documents\Unity\Endless Runner\Library\PackageCache\com.unity.visualscripting@1.7.8\Editor\VisualScripting.Core\Dependencies\YamlDotNet\Unity.VisualScripting.YamlDotNet.dll
Symbol file LoadedFromMemory doesn't match image C:\Users\Sarah Hesham\OneDrive\Documents\Unity\Endless Runner\Library\PackageCache\com.unity.visualscripting@1.7.8\Editor\VisualScripting.Core\Dependencies\DotNetZip\Unity.VisualScripting.IonicZip.dll
Native extension for WindowsStandalone target not found
Native extension for iOS target not found
Native extension for Android target not found
Refreshing native plugins compatible for Editor in 0.67 ms, found 3 plugins.
Preloading 0 native plugins for Editor in 0.00 ms.
Mono: successfully reloaded assembly
- Completed reload, in  1.482 seconds
Domain Reload Profiling:
	ReloadAssembly (1483ms)
		BeginReloadAssembly (148ms)
			ExecutionOrderSort (0ms)
			DisableScriptedObjects (6ms)
			BackupInstance (0ms)
			ReleaseScriptingObjects (0ms)
			CreateAndSetChildDomain (39ms)
		EndReloadAssembly (1217ms)
			LoadAssemblies (105ms)
			RebuildTransferFunctionScriptingTraits (0ms)
			SetupTypeCache (445ms)
			ReleaseScriptCaches (2ms)
			RebuildScriptCaches (68ms)
			SetupLoadedEditorAssemblies (506ms)
				LogAssemblyErrors (0ms)
				InitializePlatformSupportModulesInManaged (52ms)
				SetLoadedEditorAssemblies (1ms)
				RefreshPlugins (1ms)
				BeforeProcessingInitializeOnLoad (102ms)
				ProcessInitializeOnLoadAttributes (296ms)
				ProcessInitializeOnLoadMethodAttributes (45ms)
				AfterProcessingInitializeOnLoad (10ms)
				EditorAssembliesLoaded (0ms)
			ExecutionOrderSort2 (0ms)
			AwakeInstancesAfterBackupRestoration (12ms)
Platform modules already initialized, skipping
Refreshing native plugins compatible for Editor in 3.47 ms, found 3 plugins.
Preloading 0 native plugins for Editor in 0.00 ms.
Unloading 3418 Unused Serialized files (Serialized files now loaded: 0)
Unloading 20 unused Assets / (78.4 KB). Loaded Objects now: 3945.
Memory consumption went from 123.5 MB to 123.4 MB.
Total: 5.036400 ms (FindLiveObjects: 1.043400 ms CreateObjectMapping: 0.642600 ms MarkObjects: 3.165800 ms  DeleteObjects: 0.182700 ms)

AssetImportParameters requested are different than current active one (requested -> active):
  custom:video-decoder-ogg-theora: a1e56fd34408186e4bbccfd4996cb3dc -> 
  custom:container-muxer-webm: aa71ff27fc2769a1b78a27578f13a17b -> 
  custom:container-demuxer-webm: 4f35f7cbe854078d1ac9338744f61a02 -> 
  custom:video-encoder-webm-vp8: eb34c28f22e8b96e1ab97ce403110664 -> 
  custom:video-codec-MediaFoundation-h265: 746d11721c4dcdbdad8f713fa42b33f4 -> 
  custom:audio-encoder-webm-vorbis: bf7c407c2cedff20999df2af8eb42d56 -> 
  custom:framework-win-MediaFoundation: 216162199b28c13a410421893ffa2e32 -> 
  custom:container-demuxer-ogg: 62fdf1f143b41e24485cea50d1cbac27 -> 
  custom:video-decoder-webm-vp8: 9c59270c3fd7afecdb556c50c9e8de78 -> 
  custom:audio-decoder-ogg-vorbis: bf7c407c2cedff20999df2af8eb42d56 -> 
========================================================================
Received Import Request.
  Time since last request: 117.178161 seconds.
  path: Assets/Scenes/Info6.unity
  artifactKey: Guid(924e4e07f53e9d545b705a3717240835) Importer(815301076,1909f56bfc062723c751e8b465ee728b)
Start importing Assets/Scenes/Info6.unity using Guid(924e4e07f53e9d545b705a3717240835) Importer(815301076,1909f56bfc062723c751e8b465ee728b)  -> (artifact id: 'bfdc7d885e2647ebd0ffc367b2859387') in 0.010756 seconds 
========================================================================
Received Prepare
Registering precompiled user dll's ...
Registered in 0.008110 seconds.
Begin MonoManager ReloadAssembly
Symbol file LoadedFromMemory doesn't match image C:\Users\Sarah Hesham\OneDrive\Documents\Unity\Endless Runner\Library\PackageCache\com.unity.visualscripting@1.7.8\Editor\VisualScripting.Core\Dependencies\YamlDotNet\Unity.VisualScripting.YamlDotNet.dll
Symbol file LoadedFromMemory doesn't match image C:\Users\Sarah Hesham\OneDrive\Documents\Unity\Endless Runner\Library\PackageCache\com.unity.visualscripting@1.7.8\Editor\VisualScripting.Core\Dependencies\DotNetZip\Unity.VisualScripting.IonicZip.dll
Native extension for WindowsStandalone target not found
Native extension for iOS target not found
Native extension for Android target not found
Refreshing native plugins compatible for Editor in 2.08 ms, found 3 plugins.
Preloading 0 native plugins for Editor in 0.00 ms.
Mono: successfully reloaded assembly
- Completed reload, in  1.452 seconds
Domain Reload Profiling:
	ReloadAssembly (1453ms)
		BeginReloadAssembly (147ms)
			ExecutionOrderSort (0ms)
			DisableScriptedObjects (6ms)
			BackupInstance (0ms)
			ReleaseScriptingObjects (0ms)
			CreateAndSetChildDomain (44ms)
		EndReloadAssembly (1188ms)
			LoadAssemblies (121ms)
			RebuildTransferFunctionScriptingTraits (0ms)
			SetupTypeCache (428ms)
			ReleaseScriptCaches (3ms)
			RebuildScriptCaches (61ms)
			SetupLoadedEditorAssemblies (492ms)
				LogAssemblyErrors (0ms)
				InitializePlatformSupportModulesInManaged (47ms)
				SetLoadedEditorAssemblies (1ms)
				RefreshPlugins (2ms)
				BeforeProcessingInitializeOnLoad (97ms)
				ProcessInitializeOnLoadAttributes (294ms)
				ProcessInitializeOnLoadMethodAttributes (42ms)
				AfterProcessingInitializeOnLoad (9ms)
				EditorAssembliesLoaded (0ms)
			ExecutionOrderSort2 (0ms)
			AwakeInstancesAfterBackupRestoration (11ms)
Platform modules already initialized, skipping
Refreshing native plugins compatible for Editor in 2.64 ms, found 3 plugins.
Preloading 0 native plugins for Editor in 0.00 ms.
Unloading 3418 Unused Serialized files (Serialized files now loaded: 0)
Unloading 20 unused Assets / (78.4 KB). Loaded Objects now: 3948.
Memory consumption went from 123.5 MB to 123.4 MB.
Total: 5.002900 ms (FindLiveObjects: 0.373000 ms CreateObjectMapping: 0.198200 ms MarkObjects: 4.257000 ms  DeleteObjects: 0.172100 ms)

AssetImportParameters requested are different than current active one (requested -> active):
  custom:video-decoder-ogg-theora: a1e56fd34408186e4bbccfd4996cb3dc -> 
  custom:container-muxer-webm: aa71ff27fc2769a1b78a27578f13a17b -> 
  custom:container-demuxer-webm: 4f35f7cbe854078d1ac9338744f61a02 -> 
  custom:video-encoder-webm-vp8: eb34c28f22e8b96e1ab97ce403110664 -> 
  custom:video-codec-MediaFoundation-h265: 746d11721c4dcdbdad8f713fa42b33f4 -> 
  custom:audio-encoder-webm-vorbis: bf7c407c2cedff20999df2af8eb42d56 -> 
  custom:framework-win-MediaFoundation: 216162199b28c13a410421893ffa2e32 -> 
  custom:container-demuxer-ogg: 62fdf1f143b41e24485cea50d1cbac27 -> 
  custom:video-decoder-webm-vp8: 9c59270c3fd7afecdb556c50c9e8de78 -> 
  custom:audio-decoder-ogg-vorbis: bf7c407c2cedff20999df2af8eb42d56 -> 
========================================================================
Received Prepare
Refreshing native plugins compatible for Editor in 5.34 ms, found 3 plugins.
Preloading 0 native plugins for Editor in 0.00 ms.
Unloading 20 Unused Serialized files (Serialized files now loaded: 0)
Unloading 20 unused Assets / (75.7 KB). Loaded Objects now: 3948.
Memory consumption went from 55.5 MB to 55.4 MB.
Total: 3.495900 ms (FindLiveObjects: 0.339100 ms CreateObjectMapping: 0.247400 ms MarkObjects: 2.821200 ms  DeleteObjects: 0.087500 ms)

AssetImportParameters requested are different than current active one (requested -> active):
  custom:video-decoder-ogg-theora: a1e56fd34408186e4bbccfd4996cb3dc -> 
  custom:container-muxer-webm: aa71ff27fc2769a1b78a27578f13a17b -> 
  custom:container-demuxer-webm: 4f35f7cbe854078d1ac9338744f61a02 -> 
  custom:video-encoder-webm-vp8: eb34c28f22e8b96e1ab97ce403110664 -> 
  custom:video-codec-MediaFoundation-h265: 746d11721c4dcdbdad8f713fa42b33f4 -> 
  custom:audio-encoder-webm-vorbis: bf7c407c2cedff20999df2af8eb42d56 -> 
  custom:framework-win-MediaFoundation: 216162199b28c13a410421893ffa2e32 -> 
  custom:container-demuxer-ogg: 62fdf1f143b41e24485cea50d1cbac27 -> 
  custom:video-decoder-webm-vp8: 9c59270c3fd7afecdb556c50c9e8de78 -> 
  custom:audio-decoder-ogg-vorbis: bf7c407c2cedff20999df2af8eb42d56 -> 
